Determining if the pthread_create exist failed with the following output:
Change Dir: /home/remi/Documents/Enseirb/Projet-Reseau/build/CMakeFiles/CMakeTmp

Run Build Command:"/usr/bin/make" "cmTC_3f10b/fast"
make[1]: Entering directory '/home/remi/Documents/Enseirb/Projet-Reseau/build/CMakeFiles/CMakeTmp'
/usr/bin/make -f CMakeFiles/cmTC_3f10b.dir/build.make CMakeFiles/cmTC_3f10b.dir/build
make[2]: Entering directory '/home/remi/Documents/Enseirb/Projet-Reseau/build/CMakeFiles/CMakeTmp'
Building C object CMakeFiles/cmTC_3f10b.dir/CheckSymbolExists.c.o
/usr/bin/cc    -o CMakeFiles/cmTC_3f10b.dir/CheckSymbolExists.c.o   -c /home/remi/Documents/Enseirb/Projet-Reseau/build/CMakeFiles/CMakeTmp/CheckSymbolExists.c
Linking C executable cmTC_3f10b
/usr/bin/cmake -E cmake_link_script CMakeFiles/cmTC_3f10b.dir/link.txt --verbose=1
/usr/bin/cc      -rdynamic CMakeFiles/cmTC_3f10b.dir/CheckSymbolExists.c.o  -o cmTC_3f10b 
CMakeFiles/cmTC_3f10b.dir/CheckSymbolExists.c.o: In function `main':
CheckSymbolExists.c:(.text+0x1b): undefined reference to `pthread_create'
collect2: error: ld returned 1 exit status
CMakeFiles/cmTC_3f10b.dir/build.make:97: recipe for target 'cmTC_3f10b' failed
make[2]: *** [cmTC_3f10b] Error 1
make[2]: Leaving directory '/home/remi/Documents/Enseirb/Projet-Reseau/build/CMakeFiles/CMakeTmp'
Makefile:126: recipe for target 'cmTC_3f10b/fast' failed
make[1]: *** [cmTC_3f10b/fast] Error 2
make[1]: Leaving directory '/home/remi/Documents/Enseirb/Projet-Reseau/build/CMakeFiles/CMakeTmp'

File /home/remi/Documents/Enseirb/Projet-Reseau/build/CMakeFiles/CMakeTmp/CheckSymbolExists.c:
/* */
#include <pthread.h>

int main(int argc, char** argv)
{
  (void)argv;
#ifndef pthread_create
  return ((int*)(&pthread_create))[argc];
#else
  (void)argc;
  return 0;
#endif
}

Determining if the function pthread_create exists in the pthreads failed with the following output:
Change Dir: /home/remi/Documents/Enseirb/Projet-Reseau/build/CMakeFiles/CMakeTmp

Run Build Command:"/usr/bin/make" "cmTC_7801b/fast"
make[1]: Entering directory '/home/remi/Documents/Enseirb/Projet-Reseau/build/CMakeFiles/CMakeTmp'
/usr/bin/make -f CMakeFiles/cmTC_7801b.dir/build.make CMakeFiles/cmTC_7801b.dir/build
make[2]: Entering directory '/home/remi/Documents/Enseirb/Projet-Reseau/build/CMakeFiles/CMakeTmp'
Building C object CMakeFiles/cmTC_7801b.dir/CheckFunctionExists.c.o
/usr/bin/cc   -DCHECK_FUNCTION_EXISTS=pthread_create   -o CMakeFiles/cmTC_7801b.dir/CheckFunctionExists.c.o   -c /usr/share/cmake-3.10/Modules/CheckFunctionExists.c
Linking C executable cmTC_7801b
/usr/bin/cmake -E cmake_link_script CMakeFiles/cmTC_7801b.dir/link.txt --verbose=1
/usr/bin/cc  -DCHECK_FUNCTION_EXISTS=pthread_create    -rdynamic CMakeFiles/cmTC_7801b.dir/CheckFunctionExists.c.o  -o cmTC_7801b -lpthreads 
/usr/bin/ld: cannot find -lpthreads
collect2: error: ld returned 1 exit status
CMakeFiles/cmTC_7801b.dir/build.make:97: recipe for target 'cmTC_7801b' failed
make[2]: *** [cmTC_7801b] Error 1
make[2]: Leaving directory '/home/remi/Documents/Enseirb/Projet-Reseau/build/CMakeFiles/CMakeTmp'
Makefile:126: recipe for target 'cmTC_7801b/fast' failed
make[1]: *** [cmTC_7801b/fast] Error 2
make[1]: Leaving directory '/home/remi/Documents/Enseirb/Projet-Reseau/build/CMakeFiles/CMakeTmp'


